<?xml version="1.0" encoding="UTF-8"?>
<!-- Generated by org.testng.reporters.JUnitXMLReporter -->
<testsuite ignored="4" hostname="ShrikantSarodeLaptop" failures="0" tests="3" name="Test" time="7.366" errors="0" timestamp="2023-06-12T16:45:30 IST">
  <testcase classname="com.bymatAutomation.modulename.testcases.verifyHomePageOfBymatAutomation" name="@BeforeClass isSkip" time="0.0">
    <failure type="java.lang.NullPointerException" message="Cannot invoke &amp;quot;String.equalsIgnoreCase(String)&amp;quot; because the return value of &amp;quot;java.util.Hashtable.get(Object)&amp;quot; is null">
      <![CDATA[java.lang.NullPointerException: Cannot invoke "String.equalsIgnoreCase(String)" because the return value of "java.util.Hashtable.get(Object)" is null
at com.bymatAutomation.modulename.testcases.verifyHomePageOfBymatAutomation.isSkip(verifyHomePageOfBymatAutomation.java:25)
at java.base/java.util.ArrayList.forEach(ArrayList.java:1511)
... Removed 25 stack frames]]>
    </failure>
  </testcase> <!-- @BeforeClass isSkip -->
  <testcase classname="com.bymatAutomation.modulename.testcases.verifyHomePageOfBymatAutomation1" name="@BeforeClass isSkip" time="0.005">
    <failure type="java.lang.NullPointerException" message="Cannot invoke &amp;quot;String.equalsIgnoreCase(String)&amp;quot; because the return value of &amp;quot;java.util.Hashtable.get(Object)&amp;quot; is null">
      <![CDATA[java.lang.NullPointerException: Cannot invoke "String.equalsIgnoreCase(String)" because the return value of "java.util.Hashtable.get(Object)" is null
at com.bymatAutomation.modulename.testcases.verifyHomePageOfBymatAutomation1.isSkip(verifyHomePageOfBymatAutomation1.java:25)
at java.base/java.util.ArrayList.forEach(ArrayList.java:1511)
... Removed 25 stack frames]]>
    </failure>
  </testcase> <!-- @BeforeClass isSkip -->
  <testcase classname="com.bymatAutomation.modulename.testcases.RegisterUserForTheSeleniumTraining" name="@BeforeClass isSkip" time="0.0">
    <failure type="java.lang.NullPointerException" message="Cannot invoke &amp;quot;String.equalsIgnoreCase(String)&amp;quot; because the return value of &amp;quot;java.util.Hashtable.get(Object)&amp;quot; is null">
      <![CDATA[java.lang.NullPointerException: Cannot invoke "String.equalsIgnoreCase(String)" because the return value of "java.util.Hashtable.get(Object)" is null
at com.bymatAutomation.modulename.testcases.RegisterUserForTheSeleniumTraining.isSkip(RegisterUserForTheSeleniumTraining.java:21)
at java.base/java.util.ArrayList.forEach(ArrayList.java:1511)
... Removed 25 stack frames]]>
    </failure>
  </testcase> <!-- @BeforeClass isSkip -->
  <testcase classname="com.bymatAutomation.modulename.testcases.verifyHomePageOfBymatAutomation" name="verifyHomePageOfBYMATAutomation" time="0.0">
    <skipped/>
  </testcase> <!-- verifyHomePageOfBYMATAutomation -->
  <testcase classname="com.bymatAutomation.modulename.testcases.verifyHomePageOfBymatAutomation1" name="verifyHomePageOfBYMATAutomation1" time="0.0">
    <skipped/>
  </testcase> <!-- verifyHomePageOfBYMATAutomation1 -->
  <testcase classname="com.bymatAutomation.modulename.testcases.RegisterUserForTheSeleniumTraining" name="registerUserForTheSeleniumTraining" time="0.0">
    <skipped/>
  </testcase> <!-- registerUserForTheSeleniumTraining -->
  <testcase classname="com.bymatAutomation.modulename.testbase.TestBase" name="@AfterSuite endTest" time="0.0">
    <ignored/>
  </testcase> <!-- @AfterSuite endTest -->
  <testcase classname="com.bymatAutomation.modulename.testbase.TestBase" name="@AfterSuite endTest" time="0.0">
    <ignored/>
  </testcase> <!-- @AfterSuite endTest -->
  <testcase classname="com.bymatAutomation.modulename.testbase.TestBase" name="@BeforeSuite setUp" time="0.0">
    <ignored/>
  </testcase> <!-- @BeforeSuite setUp -->
  <testcase classname="com.bymatAutomation.modulename.testbase.TestBase" name="@BeforeSuite setUp" time="0.0">
    <ignored/>
  </testcase> <!-- @BeforeSuite setUp -->
</testsuite> <!-- Test -->
